  stdafx.cpp
  AboutBox.cpp
  ComboBoxOption.cpp
  Event.cpp
  EventHandler.cpp
  EventSystem.cpp
  InstrumentListOption.cpp
  LogTab.cpp
  MainTabs.cpp
  MainWindow.cpp
  MBStringUtils.cpp
  PresetGeneratorOptions.cpp
  PresetGeneratorTab.cpp
  TimeSignatureOption.cpp
  TrackOptionItem.cpp
  jdksmidi_advancedsequencer.cpp
  jdksmidi_driver.cpp
  jdksmidi_driverdump.cpp
  jdksmidi_edittrack.cpp
  jdksmidi_file.cpp
  jdksmidi_fileread.cpp
  Compiling...
  jdksmidi_filereadmultitrack.cpp
  jdksmidi_fileshow.cpp
  jdksmidi_filewrite.cpp
  jdksmidi_filewritemultitrack.cpp
  jdksmidi_keysig.cpp
  jdksmidi_manager.cpp
  jdksmidi_matrix.cpp
  jdksmidi_midi.cpp
  jdksmidi_msg.cpp
  jdksmidi_multitrack.cpp
  jdksmidi_parser.cpp
  jdksmidi_process.cpp
  jdksmidi_queue.cpp
  jdksmidi_sequencer.cpp
  jdksmidi_showcontrol.cpp
  jdksmidi_showcontrolhandler.cpp
  jdksmidi_smpte.cpp
  jdksmidi_sysex.cpp
  jdksmidi_tempo.cpp
  jdksmidi_tick.cpp
  Compiling...
  jdksmidi_track.cpp
  jdksmidi_utils.cpp
  Generator.cpp
  GeneratorException.cpp
  GeneratorLog.cpp
  MIDI.cpp
  MIDITrack.cpp
  MusicGenerator.cpp
  PresetGeneratorTask.cpp
  Song.cpp
  Track.cpp
  TrackBoard.cpp
  TrackBoardMelody.cpp
  TrackBoardMelodyParams.cpp
  TrackBoardMelodyType.cpp
  TrackBoardParamRandomize.cpp
  TrackBoardParamVariation.cpp
  TrackChord.cpp
  TrackHarmonousNote.cpp
  TrackItem.cpp
  Compiling...
  TrackNote.cpp
  MusicGeneratorApp.cpp
  Chord.cpp
  ChordNoteModulation.cpp
  WeightRandomChordGenerator.cpp
  ConnectedHarmonyMelody.cpp
  FunctionRandomRangeIntervalMelody.cpp
  Harmony.cpp
  Melody.cpp
  MelodyParameter.cpp
  MelodyRepeatMelody.cpp
  ModularMelody.cpp
  FunctionNoteModulation.cpp
  ModulationFunctions.cpp
  NoteModulation.cpp
  PatternMoteModulation.cpp
  RandomNoteModulation.cpp
  RandomShiftNoteModulation.cpp
  ScaleNoteModulation.cpp
  NoteByNoteMelody.cpp
  Compiling...
  Note.cpp
  PatternGenerator.cpp
  RandomPatternGenerator.cpp
  PhraseMelody.cpp
  AeolianRandomGenerator.cpp
  Max108RandomGenerator.cpp
  MultiInstrumentRandomGenerator.cpp
  PatternModulationMelodyGenerator.cpp
  PerfectFifthGenerator.cpp
  RandomIntervalMelodyGenerator.cpp
  TwoMelodyChordRandomGenerator.cpp
  TwoMelodySingleNoteRandomGenerator.cpp
  WideRandomIntervalMelodyGenerator.cpp
  SongGenerator.cpp
  Type.cpp
  AeolianRandomType.cpp
  Max108RandomType.cpp
  MultiInstrumentRandomType.cpp
  PatternModulationMelodyType.cpp
  PerfectFifthType.cpp
  Compiling...
  RandomIntervalMelodyType.cpp
  TwoMelodyChordRandomType.cpp
  TwoMelodySingleNoteRandomType.cpp
  WideRandomIntervalMelodyType.cpp
  RangeIntervalMelody.cpp
  RandomRhythmGenerator.cpp
  RhythmGenerator.cpp
  WeightRandomRhythmGenerator.cpp
  DoubleHarmonicMinorScale.cpp
  NaturalMinorScale.cpp
  Scale.cpp
  Generating code
